2025-04-04 20:33:52.523750 - Received SBGOLOB.CBT509.FILE997 from FILE997.XMI 
2025-04-04 20:33:52.524626 - Found $$$#DATE.txt (text/plain) in SBGOLOB.CBT509.FILE997, moved to PDS/$$$#DATE
2025-04-04 20:33:52.524786 - Found $INSTALL.rexx (text/plain) in SBGOLOB.CBT509.FILE997, moved to PDS/$INSTALL
2025-04-04 20:33:52.524938 - Found $README.txt (text/plain) in SBGOLOB.CBT509.FILE997, moved to PDS/$README
2025-04-04 20:33:52.525079 - Found @FILE997.txt (text/plain) in SBGOLOB.CBT509.FILE997, moved to PDS/@FILE997
2025-04-04 20:33:52.525827 - Found EXEC.xmi (application/xmit) in SBGOLOB.CBT509.FILE997, moved to PDS/EXEC.xmi
2025-04-04 20:33:52.983659 - Received LBDYCK.ZIGIROCK.ZIGI.EXEC from EXEC.xmi 
2025-04-04 20:33:52.984790 - Found GITHELP.rexx (text/plain) in LBDYCK.ZIGIROCK.ZIGI.EXEC, moved to EXEC/GITHELP
2025-04-04 20:33:52.984939 - Found SAMPLE.rexx (text/plain) in LBDYCK.ZIGIROCK.ZIGI.EXEC, moved to EXEC/SAMPLE
2025-04-04 20:33:52.985072 - Found SAMPXIT0.rexx (text/plain) in LBDYCK.ZIGIROCK.ZIGI.EXEC, moved to EXEC/SAMPXIT0
2025-04-04 20:33:52.985221 - Found ZG.rexx (text/plain) in LBDYCK.ZIGIROCK.ZIGI.EXEC, moved to EXEC/ZG
2025-04-04 20:33:52.985373 - Found ZGCVTENC.txt (text/plain) in LBDYCK.ZIGIROCK.ZIGI.EXEC, moved to EXEC/ZGCVTENC
2025-04-04 20:33:52.985506 - Found ZGINSTAL.rexx (text/plain) in LBDYCK.ZIGIROCK.ZIGI.EXEC, moved to EXEC/ZGINSTAL
2025-04-04 20:33:52.985704 - Found ZIGI.rexx (text/plain) in LBDYCK.ZIGIROCK.ZIGI.EXEC, moved to EXEC/ZIGI
2025-04-04 20:33:52.985829 - Found ZIGICHG.rexx (text/plain) in LBDYCK.ZIGIROCK.ZIGI.EXEC, moved to EXEC/ZIGICHG
2025-04-04 20:33:52.985957 - Found ZIGICKOT.rexx (text/plain) in LBDYCK.ZIGIROCK.ZIGI.EXEC, moved to EXEC/ZIGICKOT
2025-04-04 20:33:52.986099 - Found ZIGICNVT.rexx (text/plain) in LBDYCK.ZIGIROCK.ZIGI.EXEC, moved to EXEC/ZIGICNVT
2025-04-04 20:33:52.986215 - Found ZIGIEM.rexx (text/plain) in LBDYCK.ZIGIROCK.ZIGI.EXEC, moved to EXEC/ZIGIEM
2025-04-04 20:33:52.986336 - Found ZIGIEME.rexx (text/plain) in LBDYCK.ZIGIROCK.ZIGI.EXEC, moved to EXEC/ZIGIEME
2025-04-04 20:33:52.986458 - Found ZIGIEMMD.rexx (text/plain) in LBDYCK.ZIGIROCK.ZIGI.EXEC, moved to EXEC/ZIGIEMMD
2025-04-04 20:33:52.986572 - Found ZIGIEMS.rexx (text/plain) in LBDYCK.ZIGIROCK.ZIGI.EXEC, moved to EXEC/ZIGIEMS
2025-04-04 20:33:52.986688 - Found ZIGIEXIT.rexx (text/plain) in LBDYCK.ZIGIROCK.ZIGI.EXEC, moved to EXEC/ZIGIEXIT
2025-04-04 20:33:52.986813 - Found ZIGIEXTR.rexx (text/plain) in LBDYCK.ZIGIROCK.ZIGI.EXEC, moved to EXEC/ZIGIEXTR
2025-04-04 20:33:52.986960 - Found ZIGIGCMD.rexx (text/plain) in LBDYCK.ZIGIROCK.ZIGI.EXEC, moved to EXEC/ZIGIGCMD
2025-04-04 20:33:52.987102 - Found ZIGIGENI.rexx (text/plain) in LBDYCK.ZIGIROCK.ZIGI.EXEC, moved to EXEC/ZIGIGENI
2025-04-04 20:33:52.987220 - Found ZIGIMRGM.rexx (text/plain) in LBDYCK.ZIGIROCK.ZIGI.EXEC, moved to EXEC/ZIGIMRGM
2025-04-04 20:33:52.987363 - Found ZIGIOSEL.rexx (text/plain) in LBDYCK.ZIGIROCK.ZIGI.EXEC, moved to EXEC/ZIGIOSEL
2025-04-04 20:33:52.987490 - Found ZIGIRCSI.rexx (text/plain) in LBDYCK.ZIGIROCK.ZIGI.EXEC, moved to EXEC/ZIGIRCSI
2025-04-04 20:33:52.987627 - Found ZIGIREFD.rexx (text/plain) in LBDYCK.ZIGIROCK.ZIGI.EXEC, moved to EXEC/ZIGIREFD
2025-04-04 20:33:52.987755 - Found ZIGISTAT.rexx (text/plain) in LBDYCK.ZIGIROCK.ZIGI.EXEC, moved to EXEC/ZIGISTAT
2025-04-04 20:33:52.987879 - Found ZIGIVMAC.rexx (text/plain) in LBDYCK.ZIGIROCK.ZIGI.EXEC, moved to EXEC/ZIGIVMAC
2025-04-04 20:33:52.988015 - Found ZIGIZMAC.rexx (text/plain) in LBDYCK.ZIGIROCK.ZIGI.EXEC, moved to EXEC/ZIGIZMAC
2025-04-04 20:33:52.989353 - Found GPLLIC.txt (text/plain) in SBGOLOB.CBT509.FILE997, moved to PDS/GPLLIC
2025-04-04 20:33:52.989931 - Found PANELS.xmi (application/xmit) in SBGOLOB.CBT509.FILE997, moved to PDS/PANELS.xmi
2025-04-04 20:33:54.789577 - Received LBDYCK.ZIGIROCK.ZIGI.PANELS from PANELS.xmi 
2025-04-04 20:33:54.795585 - Found $CHANGES.txt (text/plain) in LBDYCK.ZIGIROCK.ZIGI.PANELS, moved to PANELS/$CHANGES
2025-04-04 20:33:54.795735 - Found ZIGIADDE.txt (text/plain) in LBDYCK.ZIGIROCK.ZIGI.PANELS, moved to PANELS/ZIGIADDE
2025-04-04 20:33:54.795861 - Found ZIGIBRA.txt (text/plain) in LBDYCK.ZIGIROCK.ZIGI.PANELS, moved to PANELS/ZIGIBRA
2025-04-04 20:33:54.795992 - Found ZIGIBRDQ.txt (text/plain) in LBDYCK.ZIGIROCK.ZIGI.PANELS, moved to PANELS/ZIGIBRDQ
2025-04-04 20:33:54.796109 - Found ZIGIBROW.txt (text/plain) in LBDYCK.ZIGIROCK.ZIGI.PANELS, moved to PANELS/ZIGIBROW
2025-04-04 20:33:54.796225 - Found ZIGICC.txt (text/plain) in LBDYCK.ZIGIROCK.ZIGI.PANELS, moved to PANELS/ZIGICC
2025-04-04 20:33:54.796341 - Found ZIGICDM.txt (text/plain) in LBDYCK.ZIGIROCK.ZIGI.PANELS, moved to PANELS/ZIGICDM
2025-04-04 20:33:54.796468 - Found ZIGICIMP.txt (text/plain) in LBDYCK.ZIGIROCK.ZIGI.PANELS, moved to PANELS/ZIGICIMP
2025-04-04 20:33:54.796597 - Found ZIGICOM.txt (text/plain) in LBDYCK.ZIGIROCK.ZIGI.PANELS, moved to PANELS/ZIGICOM
2025-04-04 20:33:54.796731 - Found ZIGICOMC.txt (text/plain) in LBDYCK.ZIGIROCK.ZIGI.PANELS, moved to PANELS/ZIGICOMC
2025-04-04 20:33:54.796846 - Found ZIGICOMO.txt (text/plain) in LBDYCK.ZIGIROCK.ZIGI.PANELS, moved to PANELS/ZIGICOMO
2025-04-04 20:33:54.796986 - Found ZIGICOMQ.txt (text/plain) in LBDYCK.ZIGIROCK.ZIGI.PANELS, moved to PANELS/ZIGICOMQ
2025-04-04 20:33:54.797102 - Found ZIGICOMX.txt (text/plain) in LBDYCK.ZIGIROCK.ZIGI.PANELS, moved to PANELS/ZIGICOMX
2025-04-04 20:33:54.797212 - Found ZIGICONR.txt (text/plain) in LBDYCK.ZIGIROCK.ZIGI.PANELS, moved to PANELS/ZIGICONR
2025-04-04 20:33:54.797325 - Found ZIGICRDS.txt (text/plain) in LBDYCK.ZIGIROCK.ZIGI.PANELS, moved to PANELS/ZIGICRDS
2025-04-04 20:33:54.797442 - Found ZIGIDELC.txt (text/plain) in LBDYCK.ZIGIROCK.ZIGI.PANELS, moved to PANELS/ZIGIDELC
2025-04-04 20:33:54.797556 - Found ZIGIDFBR.txt (text/plain) in LBDYCK.ZIGIROCK.ZIGI.PANELS, moved to PANELS/ZIGIDFBR
2025-04-04 20:33:54.797669 - Found ZIGIDFMB.txt (text/plain) in LBDYCK.ZIGIROCK.ZIGI.PANELS, moved to PANELS/ZIGIDFMB
2025-04-04 20:33:54.797798 - Found ZIGIDFMT.txt (text/plain) in LBDYCK.ZIGIROCK.ZIGI.PANELS, moved to PANELS/ZIGIDFMT
2025-04-04 20:33:54.797916 - Found ZIGIDFTB.txt (text/plain) in LBDYCK.ZIGIROCK.ZIGI.PANELS, moved to PANELS/ZIGIDFTB
2025-04-04 20:33:54.798026 - Found ZIGIDIFF.txt (text/plain) in LBDYCK.ZIGIROCK.ZIGI.PANELS, moved to PANELS/ZIGIDIFF
2025-04-04 20:33:54.798137 - Found ZIGIDSNA.txt (text/plain) in LBDYCK.ZIGIROCK.ZIGI.PANELS, moved to PANELS/ZIGIDSNA
2025-04-04 20:33:54.798273 - Found ZIGIDSNB.txt (text/plain) in LBDYCK.ZIGIROCK.ZIGI.PANELS, moved to PANELS/ZIGIDSNB
2025-04-04 20:33:54.798404 - Found ZIGIEDIT.bin (application/octet-stream) in LBDYCK.ZIGIROCK.ZIGI.PANELS, moved to PANELS/ZIGIEDIT
2025-04-04 20:33:54.798517 - Found ZIGIENQK.txt (text/plain) in LBDYCK.ZIGIROCK.ZIGI.PANELS, moved to PANELS/ZIGIENQK
2025-04-04 20:33:54.798629 - Found ZIGIEXTP.txt (text/plain) in LBDYCK.ZIGIROCK.ZIGI.PANELS, moved to PANELS/ZIGIEXTP
2025-04-04 20:33:54.798758 - Found ZIGIEXTQ.txt (text/plain) in LBDYCK.ZIGIROCK.ZIGI.PANELS, moved to PANELS/ZIGIEXTQ
2025-04-04 20:33:54.798890 - Found ZIGIFDBK.txt (text/plain) in LBDYCK.ZIGIROCK.ZIGI.PANELS, moved to PANELS/ZIGIFDBK
2025-04-04 20:33:54.798999 - Found ZIGIFEND.txt (text/plain) in LBDYCK.ZIGIROCK.ZIGI.PANELS, moved to PANELS/ZIGIFEND
2025-04-04 20:33:54.799113 - Found ZIGIFGO.txt (text/plain) in LBDYCK.ZIGIROCK.ZIGI.PANELS, moved to PANELS/ZIGIFGO
2025-04-04 20:33:54.799223 - Found ZIGIFIND.txt (text/plain) in LBDYCK.ZIGIROCK.ZIGI.PANELS, moved to PANELS/ZIGIFIND
2025-04-04 20:33:54.799438 - Found ZIGIFLOW.txt (text/plain) in LBDYCK.ZIGIROCK.ZIGI.PANELS, moved to PANELS/ZIGIFLOW
2025-04-04 20:33:54.799549 - Found ZIGIFSEL.txt (text/plain) in LBDYCK.ZIGIROCK.ZIGI.PANELS, moved to PANELS/ZIGIFSEL
2025-04-04 20:33:54.799666 - Found ZIGIGCMD.txt (text/plain) in LBDYCK.ZIGIROCK.ZIGI.PANELS, moved to PANELS/ZIGIGCMD
2025-04-04 20:33:54.799774 - Found ZIGIGENI.txt (text/plain) in LBDYCK.ZIGIROCK.ZIGI.PANELS, moved to PANELS/ZIGIGENI
2025-04-04 20:33:54.799888 - Found ZIGIGINF.txt (text/plain) in LBDYCK.ZIGIROCK.ZIGI.PANELS, moved to PANELS/ZIGIGINF
2025-04-04 20:33:54.800014 - Found ZIGIGIT.txt (text/plain) in LBDYCK.ZIGIROCK.ZIGI.PANELS, moved to PANELS/ZIGIGIT
2025-04-04 20:33:54.800129 - Found ZIGIGPL.txt (text/plain) in LBDYCK.ZIGIROCK.ZIGI.PANELS, moved to PANELS/ZIGIGPL
2025-04-04 20:33:54.800256 - Found ZIGIGPRM.txt (text/plain) in LBDYCK.ZIGIROCK.ZIGI.PANELS, moved to PANELS/ZIGIGPRM
2025-04-04 20:33:54.800380 - Found ZIGIGRDS.txt (text/plain) in LBDYCK.ZIGIROCK.ZIGI.PANELS, moved to PANELS/ZIGIGRDS
2025-04-04 20:33:54.800500 - Found ZIGIGREP.txt (text/plain) in LBDYCK.ZIGIROCK.ZIGI.PANELS, moved to PANELS/ZIGIGREP
2025-04-04 20:33:54.800611 - Found ZIGIHABT.txt (text/plain) in LBDYCK.ZIGIROCK.ZIGI.PANELS, moved to PANELS/ZIGIHABT
2025-04-04 20:33:54.800726 - Found ZIGIHAU.txt (text/plain) in LBDYCK.ZIGIROCK.ZIGI.PANELS, moved to PANELS/ZIGIHAU
2025-04-04 20:33:54.800834 - Found ZIGIHCDM.txt (text/plain) in LBDYCK.ZIGIROCK.ZIGI.PANELS, moved to PANELS/ZIGIHCDM
2025-04-04 20:33:54.800942 - Found ZIGIHCOZ.txt (text/plain) in LBDYCK.ZIGIROCK.ZIGI.PANELS, moved to PANELS/ZIGIHCOZ
2025-04-04 20:33:54.801063 - Found ZIGIHCRD.txt (text/plain) in LBDYCK.ZIGIROCK.ZIGI.PANELS, moved to PANELS/ZIGIHCRD
2025-04-04 20:33:54.801172 - Found ZIGIHDEL.txt (text/plain) in LBDYCK.ZIGIROCK.ZIGI.PANELS, moved to PANELS/ZIGIHDEL
2025-04-04 20:33:54.801293 - Found ZIGIHENQ.txt (text/plain) in LBDYCK.ZIGIROCK.ZIGI.PANELS, moved to PANELS/ZIGIHENQ
2025-04-04 20:33:54.801404 - Found ZIGIHHST.txt (text/plain) in LBDYCK.ZIGIROCK.ZIGI.PANELS, moved to PANELS/ZIGIHHST
2025-04-04 20:33:54.801510 - Found ZIGIHINT.txt (text/plain) in LBDYCK.ZIGIROCK.ZIGI.PANELS, moved to PANELS/ZIGIHINT
2025-04-04 20:33:54.801620 - Found ZIGIHIST.txt (text/plain) in LBDYCK.ZIGIROCK.ZIGI.PANELS, moved to PANELS/ZIGIHIST
2025-04-04 20:33:54.801727 - Found ZIGIHMSG.txt (text/plain) in LBDYCK.ZIGIROCK.ZIGI.PANELS, moved to PANELS/ZIGIHMSG
2025-04-04 20:33:54.801838 - Found ZIGIHPRM.txt (text/plain) in LBDYCK.ZIGIROCK.ZIGI.PANELS, moved to PANELS/ZIGIHPRM
2025-04-04 20:33:54.801947 - Found ZIGIHRLN.txt (text/plain) in LBDYCK.ZIGIROCK.ZIGI.PANELS, moved to PANELS/ZIGIHRLN
2025-04-04 20:33:54.802072 - Found ZIGIHSNP.txt (text/plain) in LBDYCK.ZIGIROCK.ZIGI.PANELS, moved to PANELS/ZIGIHSNP
2025-04-04 20:33:54.802184 - Found ZIGIHS00.txt (text/plain) in LBDYCK.ZIGIROCK.ZIGI.PANELS, moved to PANELS/ZIGIHS00
2025-04-04 20:33:54.802296 - Found ZIGIH000.txt (text/plain) in LBDYCK.ZIGIROCK.ZIGI.PANELS, moved to PANELS/ZIGIH000
2025-04-04 20:33:54.802404 - Found ZIGIH004.txt (text/plain) in LBDYCK.ZIGIROCK.ZIGI.PANELS, moved to PANELS/ZIGIH004
2025-04-04 20:33:54.802528 - Found ZIGIH005.txt (text/plain) in LBDYCK.ZIGIROCK.ZIGI.PANELS, moved to PANELS/ZIGIH005
2025-04-04 20:33:54.802637 - Found ZIGIH010.txt (text/plain) in LBDYCK.ZIGIROCK.ZIGI.PANELS, moved to PANELS/ZIGIH010
2025-04-04 20:33:54.802742 - Found ZIGIH020.txt (text/plain) in LBDYCK.ZIGIROCK.ZIGI.PANELS, moved to PANELS/ZIGIH020
2025-04-04 20:33:54.802848 - Found ZIGIH021.txt (text/plain) in LBDYCK.ZIGIROCK.ZIGI.PANELS, moved to PANELS/ZIGIH021
2025-04-04 20:33:54.802960 - Found ZIGIH030.txt (text/plain) in LBDYCK.ZIGIROCK.ZIGI.PANELS, moved to PANELS/ZIGIH030
2025-04-04 20:33:54.803070 - Found ZIGIH100.txt (text/plain) in LBDYCK.ZIGIROCK.ZIGI.PANELS, moved to PANELS/ZIGIH100
2025-04-04 20:33:54.803178 - Found ZIGIH101.txt (text/plain) in LBDYCK.ZIGIROCK.ZIGI.PANELS, moved to PANELS/ZIGIH101
2025-04-04 20:33:54.803299 - Found ZIGIH110.txt (text/plain) in LBDYCK.ZIGIROCK.ZIGI.PANELS, moved to PANELS/ZIGIH110
2025-04-04 20:33:54.803408 - Found ZIGIH111.txt (text/plain) in LBDYCK.ZIGIROCK.ZIGI.PANELS, moved to PANELS/ZIGIH111
2025-04-04 20:33:54.803521 - Found ZIGIH120.txt (text/plain) in LBDYCK.ZIGIROCK.ZIGI.PANELS, moved to PANELS/ZIGIH120
2025-04-04 20:33:54.803627 - Found ZIGIH121.txt (text/plain) in LBDYCK.ZIGIROCK.ZIGI.PANELS, moved to PANELS/ZIGIH121
2025-04-04 20:33:54.803752 - Found ZIGIH122.txt (text/plain) in LBDYCK.ZIGIROCK.ZIGI.PANELS, moved to PANELS/ZIGIH122
2025-04-04 20:33:54.803864 - Found ZIGIH125.txt (text/plain) in LBDYCK.ZIGIROCK.ZIGI.PANELS, moved to PANELS/ZIGIH125
2025-04-04 20:33:54.803970 - Found ZIGIH130.txt (text/plain) in LBDYCK.ZIGIROCK.ZIGI.PANELS, moved to PANELS/ZIGIH130
2025-04-04 20:33:54.804080 - Found ZIGIH131.txt (text/plain) in LBDYCK.ZIGIROCK.ZIGI.PANELS, moved to PANELS/ZIGIH131
2025-04-04 20:33:54.804186 - Found ZIGIH14A.txt (text/plain) in LBDYCK.ZIGIROCK.ZIGI.PANELS, moved to PANELS/ZIGIH14A
2025-04-04 20:33:54.804314 - Found ZIGIH140.txt (text/plain) in LBDYCK.ZIGIROCK.ZIGI.PANELS, moved to PANELS/ZIGIH140
2025-04-04 20:33:54.804423 - Found ZIGIH141.txt (text/plain) in LBDYCK.ZIGIROCK.ZIGI.PANELS, moved to PANELS/ZIGIH141
2025-04-04 20:33:54.804545 - Found ZIGIH142.txt (text/plain) in LBDYCK.ZIGIROCK.ZIGI.PANELS, moved to PANELS/ZIGIH142
2025-04-04 20:33:54.804651 - Found ZIGIH143.txt (text/plain) in LBDYCK.ZIGIROCK.ZIGI.PANELS, moved to PANELS/ZIGIH143
2025-04-04 20:33:54.804764 - Found ZIGIH150.txt (text/plain) in LBDYCK.ZIGIROCK.ZIGI.PANELS, moved to PANELS/ZIGIH150
2025-04-04 20:33:54.804870 - Found ZIGIH160.txt (text/plain) in LBDYCK.ZIGIROCK.ZIGI.PANELS, moved to PANELS/ZIGIH160
2025-04-04 20:33:54.804976 - Found ZIGIH161.txt (text/plain) in LBDYCK.ZIGIROCK.ZIGI.PANELS, moved to PANELS/ZIGIH161
2025-04-04 20:33:54.805083 - Found ZIGIH170.txt (text/plain) in LBDYCK.ZIGIROCK.ZIGI.PANELS, moved to PANELS/ZIGIH170
2025-04-04 20:33:54.805193 - Found ZIGIH180.txt (text/plain) in LBDYCK.ZIGIROCK.ZIGI.PANELS, moved to PANELS/ZIGIH180
2025-04-04 20:33:54.805304 - Found ZIGIH190.txt (text/plain) in LBDYCK.ZIGIROCK.ZIGI.PANELS, moved to PANELS/ZIGIH190
2025-04-04 20:33:54.805430 - Found ZIGIH2A0.txt (text/plain) in LBDYCK.ZIGIROCK.ZIGI.PANELS, moved to PANELS/ZIGIH2A0
2025-04-04 20:33:54.805538 - Found ZIGIH2B0.txt (text/plain) in LBDYCK.ZIGIROCK.ZIGI.PANELS, moved to PANELS/ZIGIH2B0
2025-04-04 20:33:54.805666 - Found ZIGIH2C0.txt (text/plain) in LBDYCK.ZIGIROCK.ZIGI.PANELS, moved to PANELS/ZIGIH2C0
2025-04-04 20:33:54.805778 - Found ZIGIH2D0.txt (text/plain) in LBDYCK.ZIGIROCK.ZIGI.PANELS, moved to PANELS/ZIGIH2D0
2025-04-04 20:33:54.805888 - Found ZIGIH2E0.txt (text/plain) in LBDYCK.ZIGIROCK.ZIGI.PANELS, moved to PANELS/ZIGIH2E0
2025-04-04 20:33:54.805999 - Found ZIGIH2F0.txt (text/plain) in LBDYCK.ZIGIROCK.ZIGI.PANELS, moved to PANELS/ZIGIH2F0
2025-04-04 20:33:54.806107 - Found ZIGIH2G0.txt (text/plain) in LBDYCK.ZIGIROCK.ZIGI.PANELS, moved to PANELS/ZIGIH2G0
2025-04-04 20:33:54.806213 - Found ZIGIH2H0.txt (text/plain) in LBDYCK.ZIGIROCK.ZIGI.PANELS, moved to PANELS/ZIGIH2H0
2025-04-04 20:33:54.806323 - Found ZIGIH2I0.txt (text/plain) in LBDYCK.ZIGIROCK.ZIGI.PANELS, moved to PANELS/ZIGIH2I0
2025-04-04 20:33:54.806457 - Found ZIGIH2I1.txt (text/plain) in LBDYCK.ZIGIROCK.ZIGI.PANELS, moved to PANELS/ZIGIH2I1
2025-04-04 20:33:54.806596 - Found ZIGIH2J0.txt (text/plain) in LBDYCK.ZIGIROCK.ZIGI.PANELS, moved to PANELS/ZIGIH2J0
2025-04-04 20:33:54.806708 - Found ZIGIH2J1.txt (text/plain) in LBDYCK.ZIGIROCK.ZIGI.PANELS, moved to PANELS/ZIGIH2J1
2025-04-04 20:33:54.806819 - Found ZIGIH2K0.txt (text/plain) in LBDYCK.ZIGIROCK.ZIGI.PANELS, moved to PANELS/ZIGIH2K0
2025-04-04 20:33:54.806962 - Found ZIGIH2L0.txt (text/plain) in LBDYCK.ZIGIROCK.ZIGI.PANELS, moved to PANELS/ZIGIH2L0
2025-04-04 20:33:54.807083 - Found ZIGIH2L1.txt (text/plain) in LBDYCK.ZIGIROCK.ZIGI.PANELS, moved to PANELS/ZIGIH2L1
2025-04-04 20:33:54.807201 - Found ZIGIH2M0.txt (text/plain) in LBDYCK.ZIGIROCK.ZIGI.PANELS, moved to PANELS/ZIGIH2M0
2025-04-04 20:33:54.807331 - Found ZIGIH200.txt (text/plain) in LBDYCK.ZIGIROCK.ZIGI.PANELS, moved to PANELS/ZIGIH200
2025-04-04 20:33:54.807451 - Found ZIGIH201.txt (text/plain) in LBDYCK.ZIGIROCK.ZIGI.PANELS, moved to PANELS/ZIGIH201
2025-04-04 20:33:54.807655 - Found ZIGIH210.txt (text/plain) in LBDYCK.ZIGIROCK.ZIGI.PANELS, moved to PANELS/ZIGIH210
2025-04-04 20:33:54.807803 - Found ZIGIH211.txt (text/plain) in LBDYCK.ZIGIROCK.ZIGI.PANELS, moved to PANELS/ZIGIH211
2025-04-04 20:33:54.807949 - Found ZIGIH212.txt (text/plain) in LBDYCK.ZIGIROCK.ZIGI.PANELS, moved to PANELS/ZIGIH212
2025-04-04 20:33:54.808072 - Found ZIGIH213.txt (text/plain) in LBDYCK.ZIGIROCK.ZIGI.PANELS, moved to PANELS/ZIGIH213
2025-04-04 20:33:54.808189 - Found ZIGIH214.txt (text/plain) in LBDYCK.ZIGIROCK.ZIGI.PANELS, moved to PANELS/ZIGIH214
2025-04-04 20:33:54.808309 - Found ZIGIH215.txt (text/plain) in LBDYCK.ZIGIROCK.ZIGI.PANELS, moved to PANELS/ZIGIH215
2025-04-04 20:33:54.808430 - Found ZIGIH218.txt (text/plain) in LBDYCK.ZIGIROCK.ZIGI.PANELS, moved to PANELS/ZIGIH218
2025-04-04 20:33:54.808553 - Found ZIGIH220.txt (text/plain) in LBDYCK.ZIGIROCK.ZIGI.PANELS, moved to PANELS/ZIGIH220
2025-04-04 20:33:54.808670 - Found ZIGIH225.txt (text/plain) in LBDYCK.ZIGIROCK.ZIGI.PANELS, moved to PANELS/ZIGIH225
2025-04-04 20:33:54.808810 - Found ZIGIH230.txt (text/plain) in LBDYCK.ZIGIROCK.ZIGI.PANELS, moved to PANELS/ZIGIH230
2025-04-04 20:33:54.808932 - Found ZIGIH231.txt (text/plain) in LBDYCK.ZIGIROCK.ZIGI.PANELS, moved to PANELS/ZIGIH231
2025-04-04 20:33:54.809050 - Found ZIGIH240.txt (text/plain) in LBDYCK.ZIGIROCK.ZIGI.PANELS, moved to PANELS/ZIGIH240
2025-04-04 20:33:54.809165 - Found ZIGIH241.txt (text/plain) in LBDYCK.ZIGIROCK.ZIGI.PANELS, moved to PANELS/ZIGIH241
2025-04-04 20:33:54.809277 - Found ZIGIH250.txt (text/plain) in LBDYCK.ZIGIROCK.ZIGI.PANELS, moved to PANELS/ZIGIH250
2025-04-04 20:33:54.809391 - Found ZIGIH260.txt (text/plain) in LBDYCK.ZIGIROCK.ZIGI.PANELS, moved to PANELS/ZIGIH260
2025-04-04 20:33:54.809515 - Found ZIGIH270.txt (text/plain) in LBDYCK.ZIGIROCK.ZIGI.PANELS, moved to PANELS/ZIGIH270
2025-04-04 20:33:54.809650 - Found ZIGIH271.txt (text/plain) in LBDYCK.ZIGIROCK.ZIGI.PANELS, moved to PANELS/ZIGIH271
2025-04-04 20:33:54.809775 - Found ZIGIH272.txt (text/plain) in LBDYCK.ZIGIROCK.ZIGI.PANELS, moved to PANELS/ZIGIH272
2025-04-04 20:33:54.809906 - Found ZIGIH280.txt (text/plain) in LBDYCK.ZIGIROCK.ZIGI.PANELS, moved to PANELS/ZIGIH280
2025-04-04 20:33:54.810018 - Found ZIGIH290.txt (text/plain) in LBDYCK.ZIGIROCK.ZIGI.PANELS, moved to PANELS/ZIGIH290
2025-04-04 20:33:54.810152 - Found ZIGIH300.txt (text/plain) in LBDYCK.ZIGIROCK.ZIGI.PANELS, moved to PANELS/ZIGIH300
2025-04-04 20:33:54.810274 - Found ZIGIH305.txt (text/plain) in LBDYCK.ZIGIROCK.ZIGI.PANELS, moved to PANELS/ZIGIH305
2025-04-04 20:33:54.810394 - Found ZIGIH310.txt (text/plain) in LBDYCK.ZIGIROCK.ZIGI.PANELS, moved to PANELS/ZIGIH310
2025-04-04 20:33:54.810516 - Found ZIGIH320.txt (text/plain) in LBDYCK.ZIGIROCK.ZIGI.PANELS, moved to PANELS/ZIGIH320
2025-04-04 20:33:54.810982 - Found ZIGIH330.txt (text/plain) in LBDYCK.ZIGIROCK.ZIGI.PANELS, moved to PANELS/ZIGIH330
2025-04-04 20:33:54.811130 - Found ZIGIH340.txt (text/plain) in LBDYCK.ZIGIROCK.ZIGI.PANELS, moved to PANELS/ZIGIH340
2025-04-04 20:33:54.811250 - Found ZIGIH400.txt (text/plain) in LBDYCK.ZIGIROCK.ZIGI.PANELS, moved to PANELS/ZIGIH400
2025-04-04 20:33:54.811363 - Found ZIGIH500.txt (text/plain) in LBDYCK.ZIGIROCK.ZIGI.PANELS, moved to PANELS/ZIGIH500
2025-04-04 20:33:54.811477 - Found ZIGIH600.txt (text/plain) in LBDYCK.ZIGIROCK.ZIGI.PANELS, moved to PANELS/ZIGIH600
2025-04-04 20:33:54.811598 - Found ZIGIH610.txt (text/plain) in LBDYCK.ZIGIROCK.ZIGI.PANELS, moved to PANELS/ZIGIH610
2025-04-04 20:33:54.811705 - Found ZIGIH611.txt (text/plain) in LBDYCK.ZIGIROCK.ZIGI.PANELS, moved to PANELS/ZIGIH611
2025-04-04 20:33:54.811827 - Found ZIGIH620.txt (text/plain) in LBDYCK.ZIGIROCK.ZIGI.PANELS, moved to PANELS/ZIGIH620
2025-04-04 20:33:54.811944 - Found ZIGIH630.txt (text/plain) in LBDYCK.ZIGIROCK.ZIGI.PANELS, moved to PANELS/ZIGIH630
2025-04-04 20:33:54.812081 - Found ZIGIH700.txt (text/plain) in LBDYCK.ZIGIROCK.ZIGI.PANELS, moved to PANELS/ZIGIH700
2025-04-04 20:33:54.812223 - Found ZIGIH705.txt (text/plain) in LBDYCK.ZIGIROCK.ZIGI.PANELS, moved to PANELS/ZIGIH705
2025-04-04 20:33:54.812358 - Found ZIGIH710.txt (text/plain) in LBDYCK.ZIGIROCK.ZIGI.PANELS, moved to PANELS/ZIGIH710
2025-04-04 20:33:54.812478 - Found ZIGIH720.txt (text/plain) in LBDYCK.ZIGIROCK.ZIGI.PANELS, moved to PANELS/ZIGIH720
2025-04-04 20:33:54.812591 - Found ZIGIH730.txt (text/plain) in LBDYCK.ZIGIROCK.ZIGI.PANELS, moved to PANELS/ZIGIH730
2025-04-04 20:33:54.812706 - Found ZIGIH800.txt (text/plain) in LBDYCK.ZIGIROCK.ZIGI.PANELS, moved to PANELS/ZIGIH800
2025-04-04 20:33:54.812869 - Found ZIGIINFO.txt (text/plain) in LBDYCK.ZIGIROCK.ZIGI.PANELS, moved to PANELS/ZIGIINFO
2025-04-04 20:33:54.813085 - Found ZIGIKGEN.txt (text/plain) in LBDYCK.ZIGIROCK.ZIGI.PANELS, moved to PANELS/ZIGIKGEN
2025-04-04 20:33:54.813202 - Found ZIGILIST.txt (text/plain) in LBDYCK.ZIGIROCK.ZIGI.PANELS, moved to PANELS/ZIGILIST
2025-04-04 20:33:54.813321 - Found ZIGILOCQ.txt (text/plain) in LBDYCK.ZIGIROCK.ZIGI.PANELS, moved to PANELS/ZIGILOCQ
2025-04-04 20:33:54.813442 - Found ZIGILOG.txt (text/plain) in LBDYCK.ZIGIROCK.ZIGI.PANELS, moved to PANELS/ZIGILOG
2025-04-04 20:33:54.813561 - Found ZIGILSRT.txt (text/plain) in LBDYCK.ZIGIROCK.ZIGI.PANELS, moved to PANELS/ZIGILSRT
2025-04-04 20:33:54.813673 - Found ZIGIMDIR.txt (text/plain) in LBDYCK.ZIGIROCK.ZIGI.PANELS, moved to PANELS/ZIGIMDIR
2025-04-04 20:33:54.813792 - Found ZIGIMER.txt (text/plain) in LBDYCK.ZIGIROCK.ZIGI.PANELS, moved to PANELS/ZIGIMER
2025-04-04 20:33:54.813910 - Found ZIGIMRDS.txt (text/plain) in LBDYCK.ZIGIROCK.ZIGI.PANELS, moved to PANELS/ZIGIMRDS
2025-04-04 20:33:54.814025 - Found ZIGIMRGQ.txt (text/plain) in LBDYCK.ZIGIROCK.ZIGI.PANELS, moved to PANELS/ZIGIMRGQ
2025-04-04 20:33:54.814150 - Found ZIGINEW.txt (text/plain) in LBDYCK.ZIGIROCK.ZIGI.PANELS, moved to PANELS/ZIGINEW
2025-04-04 20:33:54.814284 - Found ZIGIOLST.txt (text/plain) in LBDYCK.ZIGIROCK.ZIGI.PANELS, moved to PANELS/ZIGIOLST
2025-04-04 20:33:54.814407 - Found ZIGIONLY.txt (text/plain) in LBDYCK.ZIGIROCK.ZIGI.PANELS, moved to PANELS/ZIGIONLY
2025-04-04 20:33:54.814522 - Found ZIGIOPRM.txt (text/plain) in LBDYCK.ZIGIROCK.ZIGI.PANELS, moved to PANELS/ZIGIOPRM
2025-04-04 20:33:54.814655 - Found ZIGIOREP.txt (text/plain) in LBDYCK.ZIGIROCK.ZIGI.PANELS, moved to PANELS/ZIGIOREP
2025-04-04 20:33:54.814768 - Found ZIGIOTAG.txt (text/plain) in LBDYCK.ZIGIROCK.ZIGI.PANELS, moved to PANELS/ZIGIOTAG
2025-04-04 20:33:54.814885 - Found ZIGIOTBL.txt (text/plain) in LBDYCK.ZIGIROCK.ZIGI.PANELS, moved to PANELS/ZIGIOTBL
2025-04-04 20:33:54.815002 - Found ZIGIPERM.txt (text/plain) in LBDYCK.ZIGIROCK.ZIGI.PANELS, moved to PANELS/ZIGIPERM
2025-04-04 20:33:54.815126 - Found ZIGIPOP.txt (text/plain) in LBDYCK.ZIGIROCK.ZIGI.PANELS, moved to PANELS/ZIGIPOP
2025-04-04 20:33:54.815248 - Found ZIGIPOPC.txt (text/plain) in LBDYCK.ZIGIROCK.ZIGI.PANELS, moved to PANELS/ZIGIPOPC
2025-04-04 20:33:54.815371 - Found ZIGIPOPH.txt (text/plain) in LBDYCK.ZIGIROCK.ZIGI.PANELS, moved to PANELS/ZIGIPOPH
2025-04-04 20:33:54.815495 - Found ZIGIPOPN.txt (text/plain) in LBDYCK.ZIGIROCK.ZIGI.PANELS, moved to PANELS/ZIGIPOPN
2025-04-04 20:33:54.815630 - Found ZIGIPOPQ.txt (text/plain) in LBDYCK.ZIGIROCK.ZIGI.PANELS, moved to PANELS/ZIGIPOPQ
2025-04-04 20:33:54.815768 - Found ZIGIPOPR.txt (text/plain) in LBDYCK.ZIGIROCK.ZIGI.PANELS, moved to PANELS/ZIGIPOPR
2025-04-04 20:33:54.815912 - Found ZIGIPOP3.txt (text/plain) in LBDYCK.ZIGIROCK.ZIGI.PANELS, moved to PANELS/ZIGIPOP3
2025-04-04 20:33:54.816028 - Found ZIGIPOP4.txt (text/plain) in LBDYCK.ZIGIROCK.ZIGI.PANELS, moved to PANELS/ZIGIPOP4
2025-04-04 20:33:54.816141 - Found ZIGIPRIM.txt (text/plain) in LBDYCK.ZIGIROCK.ZIGI.PANELS, moved to PANELS/ZIGIPRIM
2025-04-04 20:33:54.816255 - Found ZIGIPSRT.txt (text/plain) in LBDYCK.ZIGIROCK.ZIGI.PANELS, moved to PANELS/ZIGIPSRT
2025-04-04 20:33:54.816387 - Found ZIGIREMO.txt (text/plain) in LBDYCK.ZIGIROCK.ZIGI.PANELS, moved to PANELS/ZIGIREMO
2025-04-04 20:33:54.816507 - Found ZIGIREMQ.txt (text/plain) in LBDYCK.ZIGIROCK.ZIGI.PANELS, moved to PANELS/ZIGIREMQ
2025-04-04 20:33:54.816637 - Found ZIGIRENA.txt (text/plain) in LBDYCK.ZIGIROCK.ZIGI.PANELS, moved to PANELS/ZIGIRENA
2025-04-04 20:33:54.816763 - Found ZIGIRENM.txt (text/plain) in LBDYCK.ZIGIROCK.ZIGI.PANELS, moved to PANELS/ZIGIRENM
2025-04-04 20:33:54.816882 - Found ZIGIRENO.txt (text/plain) in LBDYCK.ZIGIROCK.ZIGI.PANELS, moved to PANELS/ZIGIRENO
2025-04-04 20:33:54.817020 - Found ZIGIREPO.txt (text/plain) in LBDYCK.ZIGIROCK.ZIGI.PANELS, moved to PANELS/ZIGIREPO
2025-04-04 20:33:54.817139 - Found ZIGIRESQ.txt (text/plain) in LBDYCK.ZIGIROCK.ZIGI.PANELS, moved to PANELS/ZIGIRESQ
2025-04-04 20:33:54.817251 - Found ZIGIRGRP.txt (text/plain) in LBDYCK.ZIGIROCK.ZIGI.PANELS, moved to PANELS/ZIGIRGRP
2025-04-04 20:33:54.817366 - Found ZIGIRHST.txt (text/plain) in LBDYCK.ZIGIROCK.ZIGI.PANELS, moved to PANELS/ZIGIRHST
2025-04-04 20:33:54.817499 - Found ZIGIRLST.x-Algol68 (text/x-Algol68) in LBDYCK.ZIGIROCK.ZIGI.PANELS, moved to PANELS/ZIGIRLST
2025-04-04 20:33:54.817643 - Found ZIGIRMRG.txt (text/plain) in LBDYCK.ZIGIROCK.ZIGI.PANELS, moved to PANELS/ZIGIRMRG
2025-04-04 20:33:54.817753 - Found ZIGIRMSQ.txt (text/plain) in LBDYCK.ZIGIROCK.ZIGI.PANELS, moved to PANELS/ZIGIRMSQ
2025-04-04 20:33:54.817869 - Found ZIGIRPRM.txt (text/plain) in LBDYCK.ZIGIROCK.ZIGI.PANELS, moved to PANELS/ZIGIRPRM
2025-04-04 20:33:54.817994 - Found ZIGIRREP.txt (text/plain) in LBDYCK.ZIGIROCK.ZIGI.PANELS, moved to PANELS/ZIGIRREP
2025-04-04 20:33:54.818119 - Found ZIGIRSET.txt (text/plain) in LBDYCK.ZIGIROCK.ZIGI.PANELS, moved to PANELS/ZIGIRSET
2025-04-04 20:33:54.818250 - Found ZIGIRSID.txt (text/plain) in LBDYCK.ZIGIROCK.ZIGI.PANELS, moved to PANELS/ZIGIRSID
2025-04-04 20:33:54.818382 - Found ZIGIRSTH.txt (text/plain) in LBDYCK.ZIGIROCK.ZIGI.PANELS, moved to PANELS/ZIGIRSTH
2025-04-04 20:33:54.818496 - Found ZIGIRTAG.txt (text/plain) in LBDYCK.ZIGIROCK.ZIGI.PANELS, moved to PANELS/ZIGIRTAG
2025-04-04 20:33:54.818614 - Found ZIGISEL.txt (text/plain) in LBDYCK.ZIGIROCK.ZIGI.PANELS, moved to PANELS/ZIGISEL
2025-04-04 20:33:54.818737 - Found ZIGISET.txt (text/plain) in LBDYCK.ZIGIROCK.ZIGI.PANELS, moved to PANELS/ZIGISET
2025-04-04 20:33:54.818860 - Found ZIGISKEY.txt (text/plain) in LBDYCK.ZIGIROCK.ZIGI.PANELS, moved to PANELS/ZIGISKEY
2025-04-04 20:33:54.819000 - Found ZIGISKQ.txt (text/plain) in LBDYCK.ZIGIROCK.ZIGI.PANELS, moved to PANELS/ZIGISKQ
2025-04-04 20:33:54.819125 - Found ZIGISKYR.txt (text/plain) in LBDYCK.ZIGIROCK.ZIGI.PANELS, moved to PANELS/ZIGISKYR
2025-04-04 20:33:54.819236 - Found ZIGISNAP.txt (text/plain) in LBDYCK.ZIGIROCK.ZIGI.PANELS, moved to PANELS/ZIGISNAP
2025-04-04 20:33:54.819348 - Found ZIGISNPQ.txt (text/plain) in LBDYCK.ZIGIROCK.ZIGI.PANELS, moved to PANELS/ZIGISNPQ
2025-04-04 20:33:54.819456 - Found ZIGISNPR.txt (text/plain) in LBDYCK.ZIGIROCK.ZIGI.PANELS, moved to PANELS/ZIGISNPR
2025-04-04 20:33:54.819583 - Found ZIGISPBD.txt (text/plain) in LBDYCK.ZIGIROCK.ZIGI.PANELS, moved to PANELS/ZIGISPBD
2025-04-04 20:33:54.819709 - Found ZIGISPLS.txt (text/plain) in LBDYCK.ZIGIROCK.ZIGI.PANELS, moved to PANELS/ZIGISPLS
2025-04-04 20:33:54.819832 - Found ZIGISSHK.txt (text/plain) in LBDYCK.ZIGIROCK.ZIGI.PANELS, moved to PANELS/ZIGISSHK
2025-04-04 20:33:54.819957 - Found ZIGISTAB.txt (text/plain) in LBDYCK.ZIGIROCK.ZIGI.PANELS, moved to PANELS/ZIGISTAB
2025-04-04 20:33:54.820065 - Found ZIGISTAQ.txt (text/plain) in LBDYCK.ZIGIROCK.ZIGI.PANELS, moved to PANELS/ZIGISTAQ
2025-04-04 20:33:54.820182 - Found ZIGISTBQ.txt (text/plain) in LBDYCK.ZIGIROCK.ZIGI.PANELS, moved to PANELS/ZIGISTBQ
2025-04-04 20:33:54.820291 - Found ZIGITAG.txt (text/plain) in LBDYCK.ZIGIROCK.ZIGI.PANELS, moved to PANELS/ZIGITAG
2025-04-04 20:33:54.820411 - Found ZIGITAGQ.txt (text/plain) in LBDYCK.ZIGIROCK.ZIGI.PANELS, moved to PANELS/ZIGITAGQ
2025-04-04 20:33:54.820520 - Found ZIGITAGT.txt (text/plain) in LBDYCK.ZIGIROCK.ZIGI.PANELS, moved to PANELS/ZIGITAGT
2025-04-04 20:33:54.820626 - Found ZIGITAGX.txt (text/plain) in LBDYCK.ZIGIROCK.ZIGI.PANELS, moved to PANELS/ZIGITAGX
2025-04-04 20:33:54.820744 - Found ZIGIVCNV.txt (text/plain) in LBDYCK.ZIGIROCK.ZIGI.PANELS, moved to PANELS/ZIGIVCNV
2025-04-04 20:33:54.820864 - Found ZIGI1ST.txt (text/plain) in LBDYCK.ZIGIROCK.ZIGI.PANELS, moved to PANELS/ZIGI1ST
2025-04-04 20:33:54.828618 - Found RELEASE.txt (text/plain) in SBGOLOB.CBT509.FILE997, moved to PDS/RELEASE
2025-04-04 20:33:54.828770 - Found SAMPLES.xmi (application/xmit) in SBGOLOB.CBT509.FILE997, moved to PDS/SAMPLES.xmi
2025-04-04 20:33:54.868627 - Received LBDYCK.ZIGIROCK.ZIGI.SAMPLES from SAMPLES.xmi 
2025-04-04 20:33:54.869121 - Found SAMPXIT0.rexx (text/plain) in LBDYCK.ZIGIROCK.ZIGI.SAMPLES, moved to SAMPLES/SAMPXIT0
2025-04-04 20:33:54.869264 - Found STARTZIG.rexx (text/plain) in LBDYCK.ZIGIROCK.ZIGI.SAMPLES, moved to SAMPLES/STARTZIG
2025-04-04 20:33:54.869403 - Found ZGBATCH.rexx (text/plain) in LBDYCK.ZIGIROCK.ZIGI.SAMPLES, moved to SAMPLES/ZGBATCH
2025-04-04 20:33:54.869771 - Found STUB.rexx (text/plain) in SBGOLOB.CBT509.FILE997, moved to PDS/STUB
